0 info it worked if it ends with ok
1 verbose cli [ 'node', '/usr/local/bin/npm', 'publish' ]
2 info using npm@1.1.65
3 info using node@v0.8.14
4 verbose publish [ '.' ]
5 verbose read json /Users/tingan87/Development/connect-rewrite/package.json
6 verbose cache add [ '.', null ]
7 silly cache add name=undefined spec="." args=[".",null]
8 verbose parsed url { pathname: '.', path: '.', href: '.' }
9 silly lockFile 3a52ce78- .
10 verbose lock . /Users/tingan87/.npm/3a52ce78-.lock
11 verbose read json package.json
12 verbose tar pack [ '/var/folders/cq/ns8nfcgj1h932v4hrsp1x4740000gn/T/npm-20836/1360814368011-0.9028649206738919/tmp.tgz',
12 verbose tar pack   '.' ]
13 verbose tarball /var/folders/cq/ns8nfcgj1h932v4hrsp1x4740000gn/T/npm-20836/1360814368011-0.9028649206738919/tmp.tgz
14 verbose folder .
15 info prepublish connect-modrewrite@0.1.2
16 silly lockFile b366dd51-68011-0-9028649206738919-tmp-tgz /var/folders/cq/ns8nfcgj1h932v4hrsp1x4740000gn/T/npm-20836/1360814368011-0.9028649206738919/tmp.tgz
17 verbose lock /var/folders/cq/ns8nfcgj1h932v4hrsp1x4740000gn/T/npm-20836/1360814368011-0.9028649206738919/tmp.tgz /Users/tingan87/.npm/b366dd51-68011-0-9028649206738919-tmp-tgz.lock
18 silly lockFile b366dd51-68011-0-9028649206738919-tmp-tgz /var/folders/cq/ns8nfcgj1h932v4hrsp1x4740000gn/T/npm-20836/1360814368011-0.9028649206738919/tmp.tgz
19 verbose tar unpack /var/folders/cq/ns8nfcgj1h932v4hrsp1x4740000gn/T/npm-20836/1360814368011-0.9028649206738919/tmp.tgz
20 silly lockFile 3053c311-68011-0-9028649206738919-package /var/folders/cq/ns8nfcgj1h932v4hrsp1x4740000gn/T/npm-20836/1360814368011-0.9028649206738919/package
21 verbose lock /var/folders/cq/ns8nfcgj1h932v4hrsp1x4740000gn/T/npm-20836/1360814368011-0.9028649206738919/package /Users/tingan87/.npm/3053c311-68011-0-9028649206738919-package.lock
22 silly gunzTarPerm modes [ '755', '644' ]
23 silly gunzTarPerm extractEntry package.json
24 silly gunzTarPerm extractEntry .npmignore
25 silly gunzTarPerm extractEntry README.md
26 silly gunzTarPerm extractEntry Gruntfile.js
27 silly gunzTarPerm extractEntry test/test_modrewrite.js
28 silly gunzTarPerm extractEntry .travis.yml
29 silly gunzTarPerm extractEntry src/modrewrite.js
30 silly gunzTarPerm extractEntry bin/test
31 silly gunzTarPerm extractEntry example/flag.html
32 silly gunzTarPerm extractEntry example/index.html
33 silly gunzTarPerm extractEntry example/style.css
34 silly gunzTarPerm extractEntry LICENSE-MIT
35 verbose read json /var/folders/cq/ns8nfcgj1h932v4hrsp1x4740000gn/T/npm-20836/1360814368011-0.9028649206738919/package/package.json
36 silly lockFile 3053c311-68011-0-9028649206738919-package /var/folders/cq/ns8nfcgj1h932v4hrsp1x4740000gn/T/npm-20836/1360814368011-0.9028649206738919/package
37 verbose from cache /var/folders/cq/ns8nfcgj1h932v4hrsp1x4740000gn/T/npm-20836/1360814368011-0.9028649206738919/package/package.json
38 verbose tar pack [ '/Users/tingan87/.npm/connect-modrewrite/0.1.2/package.tgz',
38 verbose tar pack   '/var/folders/cq/ns8nfcgj1h932v4hrsp1x4740000gn/T/npm-20836/1360814368011-0.9028649206738919/package' ]
39 verbose tarball /Users/tingan87/.npm/connect-modrewrite/0.1.2/package.tgz
40 verbose folder /var/folders/cq/ns8nfcgj1h932v4hrsp1x4740000gn/T/npm-20836/1360814368011-0.9028649206738919/package
41 silly lockFile 66d4b6ad-ect-modrewrite-0-1-2-package-tgz /Users/tingan87/.npm/connect-modrewrite/0.1.2/package.tgz
42 verbose lock /Users/tingan87/.npm/connect-modrewrite/0.1.2/package.tgz /Users/tingan87/.npm/66d4b6ad-ect-modrewrite-0-1-2-package-tgz.lock
43 silly lockFile 66d4b6ad-ect-modrewrite-0-1-2-package-tgz /Users/tingan87/.npm/connect-modrewrite/0.1.2/package.tgz
44 silly lockFile a1d26320-connect-modrewrite-0-1-2-package /Users/tingan87/.npm/connect-modrewrite/0.1.2/package
45 verbose lock /Users/tingan87/.npm/connect-modrewrite/0.1.2/package /Users/tingan87/.npm/a1d26320-connect-modrewrite-0-1-2-package.lock
46 silly lockFile a1d26320-connect-modrewrite-0-1-2-package /Users/tingan87/.npm/connect-modrewrite/0.1.2/package
47 verbose tar unpack /Users/tingan87/.npm/connect-modrewrite/0.1.2/package.tgz
48 silly lockFile a1d26320-connect-modrewrite-0-1-2-package /Users/tingan87/.npm/connect-modrewrite/0.1.2/package
49 verbose lock /Users/tingan87/.npm/connect-modrewrite/0.1.2/package /Users/tingan87/.npm/a1d26320-connect-modrewrite-0-1-2-package.lock
50 silly gunzTarPerm modes [ '755', '644' ]
51 silly gunzTarPerm extractEntry package.json
52 silly gunzTarPerm extractEntry .npmignore
53 silly gunzTarPerm extractEntry README.md
54 silly gunzTarPerm extractEntry Gruntfile.js
55 silly gunzTarPerm extractEntry .travis.yml
56 silly gunzTarPerm extractEntry bin/test
57 silly gunzTarPerm extractEntry example/flag.html
58 silly gunzTarPerm extractEntry example/index.html
59 silly gunzTarPerm extractEntry example/style.css
60 silly gunzTarPerm extractEntry LICENSE-MIT
61 silly gunzTarPerm extractEntry src/modrewrite.js
62 silly gunzTarPerm extractEntry test/test_modrewrite.js
63 verbose read json /Users/tingan87/.npm/connect-modrewrite/0.1.2/package/package.json
64 silly lockFile a1d26320-connect-modrewrite-0-1-2-package /Users/tingan87/.npm/connect-modrewrite/0.1.2/package
65 silly shasum updated bytes 3895
66 info shasum b32f49627b2a47fbc56db8bccf961fb9b8796266
66 info shasum /Users/tingan87/.npm/connect-modrewrite/0.1.2/package.tgz
67 verbose from cache /Users/tingan87/.npm/connect-modrewrite/0.1.2/package/package.json
68 verbose chmod /Users/tingan87/.npm/connect-modrewrite/0.1.2/package.tgz 644
69 verbose chown /Users/tingan87/.npm/connect-modrewrite/0.1.2/package.tgz [ 501, 20 ]
70 silly lockFile 3a52ce78- .
71 silly publish { name: 'connect-modrewrite',
71 silly publish   main: './src/modrewrite.js',
71 silly publish   version: '0.1.2',
71 silly publish   description: 'connect-rewrite is a middleware for grunt-contrib-connect. It adds modrewrite functionality to your grunt project',
71 silly publish   dependencies: { grunt: '~0.4.0', 'grunt-contrib-connect': '~0.1.0' },
71 silly publish   author: { name: 'Tingan Ho', email: 'tingan87@gmail.com' },
71 silly publish   contributors: [ { name: 'Tingan Ho', email: 'tingan87@gmail.com' } ],
71 silly publish   repository:
71 silly publish    { type: 'git',
71 silly publish      url: 'git://github.com:tinganho/connect-rewrite.git' },
71 silly publish   bugs: { url: 'https://github.com/tinganho/connect-rewrite/issues' },
71 silly publish   licenses:
71 silly publish    [ { type: 'MIT',
71 silly publish        url: 'https://github.com/tinganho/connect-rewrite/blob/master/LICENSE-MIT' } ],
71 silly publish   devDependencies:
71 silly publish    { 'grunt-contrib-jshint': '~0.1.0',
71 silly publish      'grunt-bump': '0.0.1',
71 silly publish      chai: '~1.4.2',
71 silly publish      mocha: '~1.8.1' },
71 silly publish   scripts: { test: './bin/test' },
71 silly publish   keywords:
71 silly publish    [ 'gruntplugin',
71 silly publish      'grunt-contrib',
71 silly publish      'grunt-contrib-connect',
71 silly publish      'modrewrite' ],
71 silly publish   readme: 'connect-rewrite [![Build Status](https://travis-ci.org/tinganho/connect-modrewrite.png)](https://travis-ci.org/tinganho/connect-modrewrite)\n========================\n`connect-modrewrite` is a middleware for grunt-contrib-connect. It adds modrewrite functionality to your grunt project.\n\n# Getting started\nInstall `connect-modrewrite` with:\n```bash\nnpm install connect-modrewrite\n```\n\nRequire it in your Gruntfile.js file:\n\n```javascript\nvar modRewrite = require(\'connect-modrewrite\');\n```\nIn grunt.initConfig please add the following code snippet:\n\n```javascript\nconnect: {\n  server: {\n    options: {\n      port: 9001,\n      base: \'example\',\n      keepalive: true,\n      middleware: function(connect, options) {\n        return [\n          modRewrite([\n            \'^/test$ /index.html\',\n            \'^/test/\\\\d*$ /index.html [L]\',\n            \'^/test/\\\\d*/\\\\d*$ /flag.html [L]\'\n          ]),\n          connect.static(options.base)\n        ]\n      }\n    }\n  }\n}\n```\n\n# Configurations\nIn the example above, `modRewrite` take as an `Array` of rewrite rules as an argument.\nEach rewrite rule is a string with the syntax:\n`MATCHING_PATHS REPLACE_WITH [FLAGS]`.\n`MATCHING_PATHS` should be defined using a regex string. And that string is passed as an argument to the javascript `RegExp Object` for matching of paths. `REPLACE_WITH` is the replacement string for matching paths. Flags is optional and is defined using hard brackets. We currently only support the last flag `[L]`. Please give suggestions to more flags that makes sense for `connect-modrewrite`. Keep in mind that `grunt-contrib-connect` is meant to be a simple static server.\n\n## Flags\n### Last [L]\nIf a path matches, any subsequent rewrite rules will be disregarded.\n\n## Authors\nTingan Ho, tingan87[at]gmail.com\n\n## License\nCopyright (c) 2012 Tingan Ho\nLicensed under the MIT license.\n',
71 silly publish   readmeFilename: 'README.md',
71 silly publish   _id: 'connect-modrewrite@0.1.2',
71 silly publish   dist: { shasum: 'b32f49627b2a47fbc56db8bccf961fb9b8796266' } }
72 verbose url raw connect-modrewrite
73 verbose url resolving [ 'https://registry.npmjs.org/', './connect-modrewrite' ]
74 verbose url resolved https://registry.npmjs.org/connect-modrewrite
75 info trying registry request attempt 1 at 11:59:35
76 http PUT https://registry.npmjs.org/connect-modrewrite
77 http 409 https://registry.npmjs.org/connect-modrewrite
78 verbose url raw connect-modrewrite
79 verbose url resolving [ 'https://registry.npmjs.org/', './connect-modrewrite' ]
80 verbose url resolved https://registry.npmjs.org/connect-modrewrite
81 info trying registry request attempt 1 at 11:59:38
82 http GET https://registry.npmjs.org/connect-modrewrite
83 http 200 https://registry.npmjs.org/connect-modrewrite
84 error publish fail Cannot publish over existing version.
84 error publish fail Bump the 'version' field, set the --force flag, or
84 error publish fail     npm unpublish 'connect-modrewrite@0.1.2'
84 error publish fail and try again
85 error System Darwin 12.2.0
86 error command "node" "/usr/local/bin/npm" "publish"
87 error cwd /Users/tingan87/Development/connect-rewrite
88 error node -v v0.8.14
89 error npm -v 1.1.65
90 error code EPUBLISHCONFLICT
91 verbose exit [ 1, true ]
